#
# There is insufficient memory for the Java Runtime Environment to continue.
# Native memory allocation (mmap) failed to map 4030464 bytes for G1 virtual space
# Possible reasons:
#   The system is out of physical RAM or swap space
#   The process is running with CompressedOops enabled, and the Java Heap may be blocking the growth of the native heap
# Possible solutions:
#   Reduce memory load on the system
#   Increase physical memory or swap space
#   Check if swap backing store is full
#   Decrease Java heap size (-Xmx/-Xms)
#   Decrease number of Java threads
#   Decrease Java thread stack sizes (-Xss)
#   Set larger code cache with -XX:ReservedCodeCacheSize=
#   JVM is running with Zero Based Compressed Oops mode in which the Java heap is
#     placed in the first 32GB address space. The Java Heap base address is the
#     maximum limit for the native heap growth. Please use -XX:HeapBaseMinAddress
#     to set the Java Heap base and to place the Java Heap above 32GB virtual address.
# This output file may be truncated or incomplete.
#
#  Out of Memory Error (os_windows.cpp:3541), pid=20348, tid=21068
#
# JRE version:  (17.0.5+9) (build )
# Java VM: Java HotSpot(TM) 64-Bit Server VM (17.0.5+9-LTS-191, mixed mode, emulated-client, sharing, tiered, compressed oops, compressed class ptrs, g1 gc, windows-amd64)
# No core dump will be written. Minidumps are not enabled by default on client versions of Windows
#

---------------  S U M M A R Y ------------

Command Line: -XX:TieredStopAtLevel=1 -Dspring.output.ansi.enabled=always -Dcom.sun.management.jmxremote -Dspring.jmx.enabled=true -Dspring.liveBeansView.mbeanDomain -Dspring.application.admin.enabled=true -Dmanagement.endpoints.jmx.exposure.include=* -javaagent:D:\IDEA2020\IntelliJ IDEA 2022.3.1\lib\idea_rt.jar=4751:D:\IDEA2020\IntelliJ IDEA 2022.3.1\bin -Dfile.encoding=UTF-8 com.example.myquestionnaire.MyQuestionnaireApplication

Host: AMD Ryzen 5 4600U with Radeon Graphics         , 12 cores, 15G,  Windows 11 , 64 bit Build 22621 (10.0.22621.1928)
Time: Thu Jul 20 14:54:01 2023  Windows 11 , 64 bit Build 22621 (10.0.22621.1928) elapsed time: 0.013680 seconds (0d 0h 0m 0s)

---------------  T H R E A D  ---------------

Current thread (0x000002345f4d3740):  JavaThread "Unknown thread" [_thread_in_vm, id=21068, stack(0x000000ed1b500000,0x000000ed1b600000)]

Stack: [0x000000ed1b500000,0x000000ed1b600000]
Native frames: (J=compiled Java code, j=interpreted, Vv=VM code, C=native code)
V  [jvm.dll+0x672eea]
V  [jvm.dll+0x7d2a04]
V  [jvm.dll+0x7d41ae]
V  [jvm.dll+0x7d4813]
V  [jvm.dll+0x242c15]
V  [jvm.dll+0x66fe09]
V  [jvm.dll+0x664682]
V  [jvm.dll+0x300e8b]
V  [jvm.dll+0x308426]
V  [jvm.dll+0x358028]
V  [jvm.dll+0x35822f]
V  [jvm.dll+0x2d80a8]
V  [jvm.dll+0x2d9014]
V  [jvm.dll+0x7a44e1]
V  [jvm.dll+0x365df1]
V  [jvm.dll+0x7838fc]
V  [jvm.dll+0x3e873f]
V  [jvm.dll+0x3ea1e1]
C  [jli.dll+0x527b]
C  [ucrtbase.dll+0x29363]
C  [KERNEL32.DLL+0x126ad]
C  [ntdll.dll+0x5aa68]


---------------  P R O C E S S  ---------------

Threads class SMR info:
_java_thread_list=0x00007ffac1d0a8d8, length=0, elements={
}

Java Threads: ( => current thread )

Other Threads:
  0x000002346af7f840 GCTaskThread "GC Thread#0" [stack: 0x000000ed1b600000,0x000000ed1b700000] [id=12008]
  0x000002346af8ff60 ConcurrentGCThread "G1 Main Marker" [stack: 0x000000ed1b700000,0x000000ed1b800000] [id=21964]
  0x000002346af90a80 ConcurrentGCThread "G1 Conc#0" [stack: 0x000000ed1b800000,0x000000ed1b900000] [id=20192]

[error occurred during error reporting (printing all threads), id 0xc0000005, EXCEPTION_ACCESS_VIOLATION (0xc0000005) at pc=0x00007ffac1558a97]

VM state: not at safepoint (not fully initialized)

VM Mutex/Monitor currently owned by a thread:  ([mutex/lock_event])
[0x000002345f4c6a00] Heap_lock - owner thread: 0x000002345f4d3740

Heap address: 0x000000070a000000, size: 3936 MB, Compressed Oops mode: Zero based, Oop shift amount: 3

CDS archive(s) mapped at: [0x0000000000000000-0x0000000000000000-0x0000000000000000), size 0, SharedBaseAddress: 0x0000000800000000, ArchiveRelocationMode: 0.
Narrow klass base: 0x0000000000000000, Narrow klass shift: 0, Narrow klass range: 0x0

GC Precious Log:
<Empty>

Heap:
 garbage-first heap   total 0K, used 0K [0x000000070a000000, 0x0000000800000000)
  region size 2048K, 0 young (0K), 0 survivors (0K)

[error occurred during error reporting (printing heap information), id 0xc0000005, EXCEPTION_ACCESS_VIOLATION (0xc0000005) at pc=0x00007ffac193c399]

GC Heap History (0 events):
No events

Deoptimization events (0 events):
No events

Classes unloaded (0 events):
No events

Classes redefined (0 events):
No events

Internal exceptions (0 events):
No events

VM Operations (0 events):
No events

Events (1 events):
Event: 0.009 Loaded shared library D:\JAVA17\bin\java.dll


Dynamic libraries:
0x00007ff7ae6d0000 - 0x00007ff7ae6e0000 	D:\JAVA17\bin\java.exe
0x00007ffb236f0000 - 0x00007ffb23904000 	C:\WINDOWS\SYSTEM32\ntdll.dll
0x00007ffb21be0000 - 0x00007ffb21ca2000 	C:\WINDOWS\System32\KERNEL32.DLL
0x00007ffb21000000 - 0x00007ffb213a3000 	C:\WINDOWS\System32\KERNELBASE.dll
0x00007ffb1d9e0000 - 0x00007ffb1da77000 	C:\WINDOWS\SYSTEM32\apphelp.dll
0x00007ffac2f10000 - 0x00007ffac33ba000 	C:\WINDOWS\SYSTEM32\AcLayers.DLL
0x00007ffb22b90000 - 0x00007ffb22c37000 	C:\WINDOWS\System32\msvcrt.dll
0x00007ffb230c0000 - 0x00007ffb2311e000 	C:\WINDOWS\System32\SHLWAPI.dll
0x00007ffb1a8f0000 - 0x00007ffb1a904000 	C:\WINDOWS\SYSTEM32\SortWindows61.dll
0x00007ffb20c00000 - 0x00007ffb20d11000 	C:\WINDOWS\System32\ucrtbase.dll
0x00007ffb10c40000 - 0x00007ffb10c58000 	D:\JAVA17\bin\jli.dll
0x00007ffb21b30000 - 0x00007ffb21bde000 	C:\WINDOWS\System32\ADVAPI32.dll
0x00007ffb10c20000 - 0x00007ffb10c3a000 	D:\JAVA17\bin\VCRUNTIME140.dll
0x00007ffb221a0000 - 0x00007ffb22244000 	C:\WINDOWS\System32\sechost.dll
0x00007ffb214d0000 - 0x00007ffb215e7000 	C:\WINDOWS\System32\RPCRT4.dll
0x00007ffb21cb0000 - 0x00007ffb21e5a000 	C:\WINDOWS\System32\USER32.dll
0x00007ffb20da0000 - 0x00007ffb20dc6000 	C:\WINDOWS\System32\win32u.dll
0x00007ffb21a90000 - 0x00007ffb21ab9000 	C:\WINDOWS\System32\GDI32.dll
0x00007ffb013f0000 - 0x00007ffb0167e000 	C:\WINDOWS\WinSxS\amd64_microsoft.windows.common-controls_6595b64144ccf1df_6.0.22621.1635_none_270f70857386168e\COMCTL32.dll
0x00007ffb213b0000 - 0x00007ffb214c9000 	C:\WINDOWS\System32\gdi32full.dll
0x00007ffb20af0000 - 0x00007ffb20b8a000 	C:\WINDOWS\System32\msvcp_win.dll
0x00007ffb17400000 - 0x00007ffb1740a000 	C:\WINDOWS\SYSTEM32\VERSION.dll
0x00007ffb22160000 - 0x00007ffb22191000 	C:\WINDOWS\System32\IMM32.DLL
0x00007ffb1bd60000 - 0x00007ffb1bd6c000 	D:\JAVA17\bin\vcruntime140_1.dll
0x00007ffb0f540000 - 0x00007ffb0f5cd000 	D:\JAVA17\bin\msvcp140.dll
0x00007ffac1270000 - 0x00007ffac1e32000 	D:\JAVA17\bin\server\jvm.dll
0x00007ffb22350000 - 0x00007ffb22358000 	C:\WINDOWS\System32\PSAPI.DLL
0x00007ffacb210000 - 0x00007ffacb219000 	C:\WINDOWS\SYSTEM32\WSOCK32.dll
0x00007ffb18990000 - 0x00007ffb189c4000 	C:\WINDOWS\SYSTEM32\WINMM.dll
0x00007ffb23120000 - 0x00007ffb23191000 	C:\WINDOWS\System32\WS2_32.dll
0x00007ffb1fb30000 - 0x00007ffb1fb48000 	C:\WINDOWS\SYSTEM32\kernel.appcore.dll
0x00007ffb18a30000 - 0x00007ffb18a3a000 	D:\JAVA17\bin\jimage.dll
0x00007ffb1e370000 - 0x00007ffb1e59e000 	C:\WINDOWS\SYSTEM32\DBGHELP.DLL
0x00007ffb23320000 - 0x00007ffb236a9000 	C:\WINDOWS\System32\combase.dll
0x00007ffb21e60000 - 0x00007ffb21f37000 	C:\WINDOWS\System32\OLEAUT32.dll
0x00007ffb06ae0000 - 0x00007ffb06b12000 	C:\WINDOWS\SYSTEM32\dbgcore.DLL
0x00007ffb20d20000 - 0x00007ffb20d9a000 	C:\WINDOWS\System32\bcryptPrimitives.dll
0x00007ffb10f70000 - 0x00007ffb10f7e000 	D:\JAVA17\bin\instrument.dll
0x00007ffb10bf0000 - 0x00007ffb10c15000 	D:\JAVA17\bin\java.dll

dbghelp: loaded successfully - version: 4.0.5 - missing functions: none
symbol engine: initialized successfully - sym options: 0x614 - pdb path: .;D:\JAVA17\bin;C:\WINDOWS\SYSTEM32;C:\WINDOWS\WinSxS\amd64_microsoft.windows.common-controls_6595b64144ccf1df_6.0.22621.1635_none_270f70857386168e;D:\JAVA17\bin\server

VM Arguments:
jvm_args: -XX:TieredStopAtLevel=1 -Dspring.output.ansi.enabled=always -Dcom.sun.management.jmxremote -Dspring.jmx.enabled=true -Dspring.liveBeansView.mbeanDomain -Dspring.application.admin.enabled=true -Dmanagement.endpoints.jmx.exposure.include=* -javaagent:D:\IDEA2020\IntelliJ IDEA 2022.3.1\lib\idea_rt.jar=4751:D:\IDEA2020\IntelliJ IDEA 2022.3.1\bin -Dfile.encoding=UTF-8 
java_command: com.example.myquestionnaire.MyQuestionnaireApplication
java_class_path (initial): D:\IDEA项目文件\questionnairezizhi\myQuestionnaire\build\classes\java\main;D:\IDEA项目文件\questionnairezizhi\myQuestionnaire\build\resources\main;D:\android-sdk_r24.4.1-windows\gradle-7.6-all\gradle-resposity\caches\modules-2\files-2.1\org.mybatis.spring.boot\mybatis-spring-boot-starter\3.0.2\ce77d2e35909ee4dc2d4371f18b7d2b937f2883e\mybatis-spring-boot-starter-3.0.2.jar;D:\android-sdk_r24.4.1-windows\gradle-7.6-all\gradle-resposity\caches\modules-2\files-2.1\org.springframework.boot\spring-boot-starter-jdbc\3.1.1\8e6bdc511fc9ade17c09fcc20a0f6a44fa39a876\spring-boot-starter-jdbc-3.1.1.jar;D:\android-sdk_r24.4.1-windows\gradle-7.6-all\gradle-resposity\caches\modules-2\files-2.1\org.springframework.boot\spring-boot-starter-web\3.1.1\f2c2d9e35430e4b4a98ad91780bb9b2d1deec08\spring-boot-starter-web-3.1.1.jar;D:\android-sdk_r24.4.1-windows\gradle-7.6-all\gradle-resposity\caches\modules-2\files-2.1\cn.hutool\hutool-all\5.5.7\85e0b412098ed4b001ac00d69d23e950ea217774\hutool-all-5.5.7.jar;D:\android-sdk_r24.4.1-windows\gradle-7.6-all\gradle-resposity\caches\modules-2\files-2.1\org.projectlombok\lombok\1.18.22\9c08ea24c6eb714e2d6170e8122c069a0ba9aacf\lombok-1.18.22.jar;D:\android-sdk_r24.4.1-windows\gradle-7.6-all\gradle-resposity\caches\modules-2\files-2.1\org.springframework.boot\spring-boot-starter\3.1.1\cf74eeaef5a265c75dd89fea829391bf08efdb6c\spring-boot-starter-3.1.1.jar;D:\android-sdk_r24.4.1-windows\gradle-7.6-all\gradle-resposity\caches\modules-2\files-2.1\org.mybatis.spring.boot\mybatis-spring-boot-autoconfigure\3.0.2\11dec7f46c526c94d0d123e04ffedb135d2b7f22\mybatis-spring-boot-autoconfigure-3.0.2.jar;D:\android-sdk_r24.4.1-windows\gradle-7.6-all\gradle-resposity\caches\modules-2\files-2.1\org.mybatis\mybatis\3.5.13\3d0aa73551884a6de6ca187fb4d2db50da002be9\mybatis-3.5.13.jar;D:\android-sdk_r24.4.1-windows\gradle-7.6-all\gradle-resposity\caches\modules-2\files-2.1\org.mybatis\mybatis-spring\3.0.2\d56554d771532fa7deb4b1aefa538775d3cb5423\my
Launcher Type: SUN_STANDARD

[Global flags]
     intx CICompilerCount                          = 4                                         {product} {ergonomic}
     uint ConcGCThreads                            = 3                                         {product} {ergonomic}
     uint G1ConcRefinementThreads                  = 10                                        {product} {ergonomic}
   size_t G1HeapRegionSize                         = 2097152                                   {product} {ergonomic}
    uintx GCDrainStackTargetSize                   = 64                                        {product} {ergonomic}
   size_t InitialHeapSize                          = 257949696                                 {product} {ergonomic}
     bool ManagementServer                         = true                                      {product} {command line}
   size_t MarkStackSize                            = 4194304                                   {product} {ergonomic}
   size_t MaxHeapSize                              = 4127195136                                {product} {ergonomic}
   size_t MinHeapDeltaBytes                        = 2097152                                   {product} {ergonomic}
   size_t MinHeapSize                              = 8388608                                   {product} {ergonomic}
    uintx NonProfiledCodeHeapSize                  = 0                                      {pd product} {ergonomic}
     bool ProfileInterpreter                       = false                                  {pd product} {command line}
    uintx ProfiledCodeHeapSize                     = 0                                      {pd product} {ergonomic}
   size_t SoftMaxHeapSize                          = 4127195136                             {manageable} {ergonomic}
     intx TieredStopAtLevel                        = 1                                         {product} {command line}
     bool UseCompressedClassPointers               = true                           {product lp64_product} {ergonomic}
     bool UseCompressedOops                        = true                           {product lp64_product} {ergonomic}
     bool UseG1GC                                  = true                                      {product} {ergonomic}
     bool UseLargePagesIndividualAllocation        = false                                  {pd product} {ergonomic}

Logging:
Log output configuration:
 #0: stdout all=warning uptime,level,tags
 #1: stderr all=off uptime,level,tags

Environment Variables:
JAVA_HOME=D:\java\jdk.1.8
CLASSPATH=.;D:\java\jdk.1.8\lib;D:\java\jdk.1.8\lib\dt.jar;D:\java\jdk.1.8\lib\tools.jar;D:\LINGO64_18\Lingo18.jar;D:\sqljdbc_9.2.1.0_chs\sqljdbc_9.2\chs\mssql-jdbc-9.2.1.jre8.jar;D:\sqljdbc_11.2.2.0_chs\sqljdbc_11.2\chs\mssql-jdbc-11.2.2.jre17.jar;D:\sqljdbc_10.2.3.0_chs\sqljdbc_10.2\chs\mssql-jdbc-10.2.3.jre17.jar;%HADOOP_HOME%\bin\winutils.exe
PATH=C:\Python311\Scripts\;C:\Python311\;C:\Program Files\Common Files\Oracle\Java\javapath;D:\WINDOWS.X64_193000_db_home\bin;C:\Program Files (x86)\VMware\VMware Workstation\bin\;C:\Windows\system32;C:\Windows;C:\Windows\System32\Wbem;C:\Windows\System32\WindowsPowerShell\v1.0\;C:\Windows\System32\OpenSSH\;C:\Program Files (x86)\Windows Kits\8.1\Windows Performance Toolkit\;D:\SQL2019\Client SDK\ODBC\170\Tools\Binn\;C:\Program Files (x86)\Microsoft SQL Server\150\Tools\Binn\;D:\SQL2019\150\Tools\Binn\;D:\SQL2019\150\DTS\Binn\;C:\Program Files (x86)\Microsoft SQL Server\150\DTS\Binn\;C:\Program Files\Azure Data Studio\bin;C:\ProgramData\chocolatey\bin;D:\java\jdk.1.8\bin;D:\java\jdk.1.8\jre\bin;D:\微信小程序开发\微信web开发者工具\dll;D:\Tomact 10.0\bin;D:\Matlab2018\runtime\win64;D:\Matlab2018\bin;D:\matlab\R2014b\runtime\win64;D:\matlab\R2014b\bin;D:\matlab\R2014b\polyspace\bin;D:\LINGO64_18\;D:\spss\JRE\bin;D:\Tomact 9.36\bin;D:\Maven\apache-maven-3.8.6\bin;D:\anacoda3;D:\anacoda3\Scripts;D:\anacoda3\Library\bin;D:\anacoda3\Library\mingw-w64\bin;D:\android-sdk_r24.4.1-windows\gradle-7.6-all\gradle-7.6\bin;D:\JAVA17\bin;C:\Program Files\Git\cmd;D:\AHL-GEC-IDE(4.45)\gcc\bin;C:\WINDOWS\system32;C:\WINDOWS;C:\WINDOWS\System32\Wbem;C:\WINDOWS\System32\WindowsPowerShell\v1.0\;C:\WINDOWS\System32\OpenSSH\;D:\hadoop-3.2.3\hadoop-3.2.3\bin;D:\spark-3.2.1-bin-hadoop3.2\spark-3.2.1-bin-hadoop3.2\bin;D:\JAVA17\jre\bin;D:\node-v18.16.0-win-x64\node-v18.16.0-win-x64\node-global\node_modules;D:\node-v18.16.0-win-x64\node-v18.16.0-win-x64;D:\node-v18.16.0-win-x64\node-v18.16.0-win-x64\node-global;D:\nodejs\;D:\nodejs\node-cache;D:\nodejs\node-global;D:\python3.8\Scripts\;D:\python3.8\;C:\Users\86137\AppData\Local\Programs\Python\Launcher\;D:\python\Scripts\;D:\python\;C:\Users\86137\AppData\Local\Microsoft\WindowsApps;D:\ModelSim\win64;D:\MYSQL\mysql-8.0.28-winx64\bin;D:\VS Code\Microsoft VS Code\bin;D:\nodejs\node_global;C:\Program Files (x86)\Tencent\QQGameTempest\Hall.57814\;D:\J
USERNAME=86137
OS=Windows_NT
PROCESSOR_IDENTIFIER=AMD64 Family 23 Model 96 Stepping 1, AuthenticAMD



---------------  S Y S T E M  ---------------

OS:
 Windows 11 , 64 bit Build 22621 (10.0.22621.1928)
OS uptime: 0 days 8:21 hours

CPU: total 12 (initial active 12) (12 cores per cpu, 2 threads per core) family 23 model 96 stepping 1 microcode 0x0, cx8, cmov, fxsr, ht, mmx, 3dnowpref, sse, sse2, sse3, ssse3, sse4a, sse4.1, sse4.2, popcnt, lzcnt, tsc, tscinvbit, avx, avx2, aes, clmul, bmi1, bmi2, adx, sha, fma, vzeroupper, clflush, clflushopt

Memory: 4k page, system-wide physical 15741M (3478M free)
TotalPageFile size 30938M (AvailPageFile size 5M)
current process WorkingSet (physical memory assigned to process): 15M, peak: 15M
current process commit charge ("private bytes"): 316M, peak: 318M

vm_info: Java HotSpot(TM) 64-Bit Server VM (17.0.5+9-LTS-191) for windows-amd64 JRE (17.0.5+9-LTS-191), built on Sep 13 2022 17:31:43 by "mach5one" with MS VC++ 16.8 / 16.9 (VS2019)

END.
